Build started 5/4/2017 7:17:34 PM.
     1>Project "G:\C++\Projects\Sem 2\Paint Brush\Win32Project2\Win32Project2.vcxproj" on node 2 (Build target(s)).
     1>ClCompile:
         C:\Program Files (x86)\Microsoft Visual Studio 12.0\VC\bin\CL.exe /c /ZI /nologo /W3 /WX- /sdl /Od /Oy- /D WIN32 /D _DEBUG /D _WINDOWS /D _CRT_SECURE_NO_DEPRECATE /D _CRT_NONSTDC_NO_DEPRECATE /Gm /EHsc /RTC1 /MDd /GS /fp:precise /Zc:wchar_t /Zc:forScope /Fo"Debug\\" /Fd"Debug\vc120.pdb" /Gd /TP /analyze- /errorReport:prompt Source.cpp
         Source.cpp
     1>g:\c++\projects\sem 2\paint brush\win32project2\source.cpp(395): warning C4244: '=' : conversion from 'int' to 'float', possible loss of data
     1>g:\c++\projects\sem 2\paint brush\win32project2\source.cpp(396): warning C4244: '=' : conversion from 'int' to 'float', possible loss of data
     1>g:\c++\projects\sem 2\paint brush\win32project2\source.cpp(450): warning C4244: '=' : conversion from 'int' to 'float', possible loss of data
     1>g:\c++\projects\sem 2\paint brush\win32project2\source.cpp(451): warning C4244: '=' : conversion from 'int' to 'float', possible loss of data
     1>g:\c++\projects\sem 2\paint brush\win32project2\source.cpp(690): warning C4244: 'argument' : conversion from 'float' to 'int', possible loss of data
     1>g:\c++\projects\sem 2\paint brush\win32project2\source.cpp(598): warning C4101: 'pp' : unreferenced local variable
     1>g:\c++\projects\sem 2\paint brush\win32project2\source.cpp(707): warning C4244: '=' : conversion from 'int' to 'float', possible loss of data
     1>g:\c++\projects\sem 2\paint brush\win32project2\source.cpp(708): warning C4244: '=' : conversion from 'int' to 'float', possible loss of data
     1>g:\c++\projects\sem 2\paint brush\win32project2\source.cpp(564): warning C4715: 'colreturner' : not all control paths return a value
       Link:
         C:\Program Files (x86)\Microsoft Visual Studio 12.0\VC\bin\link.exe /ERRORREPORT:PROMPT /OUT:"G:\C++\Projects\Sem 2\Paint Brush\Debug\Win32Project2.exe" /INCREMENTAL /NOLOGO kernel32.lib user32.lib gdi32.lib winspool.lib comdlg32.lib advapi32.lib shell32.lib ole32.lib oleaut32.lib uuid.lib odbc32.lib odbccp32.lib /MANIFEST /MANIFESTUAC:"level='asInvoker' uiAccess='false'" /manifest:embed /DEBUG /PDB:"G:\C++\Projects\Sem 2\Paint Brush\Debug\Win32Project2.pdb" /SUBSYSTEM:WINDOWS /TLBID:1 /DYNAMICBASE /NXCOMPAT /IMPLIB:"G:\C++\Projects\Sem 2\Paint Brush\Debug\Win32Project2.lib" /MACHINE:X86 Debug\defination.obj
         Debug\GP142.obj
         Debug\Source.obj
         Win32Project2.vcxproj -> G:\C++\Projects\Sem 2\Paint Brush\Debug\Win32Project2.exe
     1>Done Building Project "G:\C++\Projects\Sem 2\Paint Brush\Win32Project2\Win32Project2.vcxproj" (Build target(s)).

Build succeeded.

Time Elapsed 00:00:03.95
